/*C1*/SET SCHEMA SYSTEM_LOBS
INSERT INTO BLOCKS VALUES(0,2147483647,0)
COMMIT
/*C2*/SET SCHEMA PUBLIC
DISCONNECT
/*C3*/SET SCHEMA PUBLIC
create table quiz (id bigint generated by default as identity (start with 1), archivedOn timestamp, createdOn timestamp not null, gamesPlayed integer not null, gamesWon integer not null, modifiedOn timestamp, user_id bigint, primary key (id))
create table user (id bigint generated by default as identity (start with 1), accountNonExpired BIT, accountNonLocked BIT, address clob(255), anonymous BIT, archivedOn timestamp, createdOn timestamp not null, credentialsNonExpired BIT, dateOfBirth timestamp, email varchar(255), enabled BIT, firstName varchar(255) not null, hashKey varchar(32) not null, lastName varchar(255) not null, mobile varchar(255), modifiedOn timestamp, password varchar(64) not null, securityRoles varchar(255) not null, userName varchar(32) not null, OPTLOCK bigint, primary key (id))
alter table user add constraint UK_4bakctviobmdk6ddh2nwg08c2 unique (userName)
alter table quiz add constraint FK_d53kb8xwlqvh3482q9cond5qp foreign key (user_id) references user
DISCONNECT
/*C4*/SET SCHEMA PUBLIC
DISCONNECT
/*C5*/SET SCHEMA PUBLIC
DISCONNECT
/*C6*/SET SCHEMA PUBLIC
INSERT INTO QUIZ VALUES(1,NULL,'2015-02-22 11:58:40.217000',3,3,NULL,NULL)
COMMIT
DISCONNECT
/*C7*/SET SCHEMA PUBLIC
DISCONNECT
